[2023-06-16 07:32:47,209] Run on FIREFOX
[2023-06-16 07:32:52,981] Register - Step 01: Click to register link
[2023-06-16 07:32:54,100] Register - Step 02: Input data Automation to firstname textbox
[2023-06-16 07:32:54,156] Register - Step 03: Input data FC to lastName textbox
[2023-06-16 07:32:54,202] Register - Step 04: Input data automation8767@mail.com to emailAddress textbox
[2023-06-16 07:32:54,247] Register - Step 05: Input data 123456 to password textbox
[2023-06-16 07:32:54,291] Register - Step 06: Input data 123456 to confirm password textbox
[2023-06-16 07:32:54,330] Register - Step 07: Click to Register Button
[2023-06-16 07:32:55,012] Register - Step 08: Verify result register successfully
[2023-06-16 07:32:55,055]  -------------------------- PASSED -------------------------- 
[2023-06-16 07:32:55,058] Login - Step 01: Click to Login Link
[2023-06-16 07:32:55,437] Login - Step 02: Input to required fields
[2023-06-16 07:32:55,532] Login - Step 03: Click to Login Button
[2023-06-16 07:32:56,163] Login - Step 04: Verify success message displayed
[2023-06-16 07:32:56,214]  -------------------------- PASSED -------------------------- 
[2023-06-16 07:32:56,214] Customer-Info - Step 01: Click to My Account Link
[2023-06-16 07:32:56,575] Customer-Info - Step 02: Click to Customer Info Link
[2023-06-16 07:32:56,947] Customer-Info - Step 03: Input data to required fields
[2023-06-16 07:32:58,122] Customer-Info - Step 04: Click to Save Button
[2023-06-16 07:32:58,763] Customer-Info - Step 05: Verify result
[2023-06-16 07:32:58,795]  -------------------------- PASSED -------------------------- 
[2023-06-16 07:32:58,806]  -------------------------- PASSED -------------------------- 
[2023-06-16 07:32:58,816]  -------------------------- PASSED -------------------------- 
[2023-06-16 07:32:58,841]  -------------------------- PASSED -------------------------- 
[2023-06-16 07:32:58,866]  -------------------------- PASSED -------------------------- 
[2023-06-16 07:32:59,019]  -------------------------- PASSED -------------------------- 
[2023-06-16 07:32:59,028]  -------------------------- PASSED -------------------------- 
[2023-06-16 07:32:59,038]  -------------------------- PASSED -------------------------- 
[2023-06-16 07:32:59,038] Customer-Info - Step 06: Close popup
[2023-06-16 09:35:02,781] Run on FIREFOX
[2023-06-16 09:35:07,384] Register - Step 01: Click to register link
[2023-06-16 09:35:08,413] Register - Step 02: Input data Automation to firstname textbox
[2023-06-16 09:35:08,467] Register - Step 03: Input data FC to lastName textbox
[2023-06-16 09:35:08,510] Register - Step 04: Input data automation2360@mail.com to emailAddress textbox
[2023-06-16 09:35:08,555] Register - Step 05: Input data 123456 to password textbox
[2023-06-16 09:35:08,596] Register - Step 06: Input data 123456 to confirm password textbox
[2023-06-16 09:35:08,635] Register - Step 07: Click to Register Button
[2023-06-16 09:35:09,352] Register - Step 08: Verify result register successfully
[2023-06-16 09:35:09,398]  -------------------------- PASSED -------------------------- 
[2023-06-16 09:35:09,401] Login - Step 01: Click to Login Link
[2023-06-16 09:35:09,766] Login - Step 02: Input to required fields
[2023-06-16 09:35:09,873] Login - Step 03: Click to Login Button
[2023-06-16 09:35:10,506] Login - Step 04: Verify success message displayed
[2023-06-16 09:35:10,556]  -------------------------- PASSED -------------------------- 
[2023-06-16 09:35:10,557] Customer-Info - Step 01: Click to My Account Link
[2023-06-16 09:35:10,914] Customer-Info - Step 02: Click to Customer Info Link
[2023-06-16 09:35:11,290] Customer-Info - Step 03: Input data to required fields
[2023-06-16 09:35:12,451] Customer-Info - Step 04: Click to Save Button
[2023-06-16 09:35:13,093] Customer-Info - Step 05: Verify result
[2023-06-16 09:35:13,122]  -------------------------- PASSED -------------------------- 
[2023-06-16 09:35:13,134]  -------------------------- PASSED -------------------------- 
[2023-06-16 09:35:13,144]  -------------------------- PASSED -------------------------- 
[2023-06-16 09:35:13,172]  -------------------------- PASSED -------------------------- 
[2023-06-16 09:35:13,196]  -------------------------- PASSED -------------------------- 
[2023-06-16 09:35:13,356]  -------------------------- PASSED -------------------------- 
[2023-06-16 09:35:13,365]  -------------------------- PASSED -------------------------- 
[2023-06-16 09:35:13,374]  -------------------------- PASSED -------------------------- 
[2023-06-16 09:35:13,374] Customer-Info - Step 06: Close popup
[2023-06-16 09:36:26,178] Run on FIREFOX
[2023-06-16 09:36:30,191] Register - Step 01: Click to register link
[2023-06-16 09:36:31,210] Register - Step 02: Input data Automation to firstname textbox
[2023-06-16 09:36:31,261] Register - Step 03: Input data FC to lastName textbox
[2023-06-16 09:36:31,305] Register - Step 04: Input data automation4337@mail.com to emailAddress textbox
[2023-06-16 09:36:31,350] Register - Step 05: Input data 123456 to password textbox
[2023-06-16 09:36:31,392] Register - Step 06: Input data 123456 to confirm password textbox
[2023-06-16 09:36:31,429] Register - Step 07: Click to Register Button
[2023-06-16 09:36:32,093] Register - Step 08: Verify result register successfully
[2023-06-16 09:36:32,139]  -------------------------- PASSED -------------------------- 
[2023-06-16 09:36:32,142] Login - Step 01: Click to Login Link
[2023-06-16 09:36:32,516] Login - Step 02: Input to required fields
[2023-06-16 09:36:32,613] Login - Step 03: Click to Login Button
[2023-06-16 09:36:33,238] Login - Step 04: Verify success message displayed
[2023-06-16 09:36:33,290]  -------------------------- PASSED -------------------------- 
[2023-06-16 09:36:33,290] Customer-Info - Step 01: Click to My Account Link
[2023-06-16 09:36:33,644] Customer-Info - Step 02: Click to Customer Info Link
[2023-06-16 09:36:34,000] Customer-Info - Step 03: Input data to required fields
[2023-06-16 09:36:35,151] Customer-Info - Step 04: Click to Save Button
[2023-06-16 09:36:35,803] Customer-Info - Step 05: Verify result
[2023-06-16 09:36:35,827]  -------------------------- PASSED -------------------------- 
[2023-06-16 09:36:35,841]  -------------------------- PASSED -------------------------- 
[2023-06-16 09:36:35,852]  -------------------------- PASSED -------------------------- 
[2023-06-16 09:36:35,881]  -------------------------- PASSED -------------------------- 
[2023-06-16 09:36:35,907]  -------------------------- PASSED -------------------------- 
[2023-06-16 09:36:36,047]  -------------------------- PASSED -------------------------- 
[2023-06-16 09:36:36,057]  -------------------------- PASSED -------------------------- 
[2023-06-16 09:36:36,066]  -------------------------- PASSED -------------------------- 
[2023-06-16 09:36:36,066] Customer-Info - Step 06: Close popup
[2023-06-16 09:48:10,117] Run on FIREFOX
[2023-06-16 09:48:14,099] Register - Step 01: Click to register link
[2023-06-16 09:48:15,161] Register - Step 02: Input data Automation to firstname textbox
[2023-06-16 09:48:15,216] Register - Step 03: Input data FC to lastName textbox
[2023-06-16 09:48:15,256] Register - Step 04: Input data automation7844@mail.com to emailAddress textbox
[2023-06-16 09:48:15,300] Register - Step 05: Input data 123456 to password textbox
[2023-06-16 09:48:15,340] Register - Step 06: Input data 123456 to confirm password textbox
[2023-06-16 09:48:15,377] Register - Step 07: Click to Register Button
[2023-06-16 09:48:16,104] Register - Step 08: Verify result register successfully
[2023-06-16 09:48:16,145]  -------------------------- PASSED -------------------------- 
[2023-06-16 09:48:16,147] Login - Step 01: Click to Login Link
[2023-06-16 09:48:16,518] Login - Step 02: Input to required fields
[2023-06-16 09:48:16,620] Login - Step 03: Click to Login Button
[2023-06-16 09:48:17,281] Login - Step 04: Verify success message displayed
[2023-06-16 09:48:17,334]  -------------------------- PASSED -------------------------- 
[2023-06-16 09:48:17,334] Customer-Info - Step 01: Click to My Account Link
[2023-06-16 09:48:17,702] Customer-Info - Step 02: Click to Customer Info Link
[2023-06-16 09:48:18,067] Customer-Info - Step 03: Input data to required fields
[2023-06-16 09:48:19,245] Customer-Info - Step 04: Click to Save Button
[2023-06-16 09:48:19,943] Customer-Info - Step 05: Verify result
[2023-06-16 09:48:19,972]  -------------------------- PASSED -------------------------- 
[2023-06-16 09:48:19,986]  -------------------------- PASSED -------------------------- 
[2023-06-16 09:48:19,996]  -------------------------- PASSED -------------------------- 
[2023-06-16 09:48:20,025]  -------------------------- PASSED -------------------------- 
[2023-06-16 09:48:20,051]  -------------------------- PASSED -------------------------- 
[2023-06-16 09:48:20,214]  -------------------------- PASSED -------------------------- 
[2023-06-16 09:48:20,223]  -------------------------- PASSED -------------------------- 
[2023-06-16 09:48:20,233]  -------------------------- PASSED -------------------------- 
[2023-06-16 09:48:20,233] Customer-Info - Step 06: Close popup
[2023-06-16 09:59:32,024] Run on FIREFOX
[2023-06-16 09:59:35,978] Register - Step 01: Click to register link
[2023-06-16 09:59:37,000] Register - Step 02: Input data Automation to firstname textbox
[2023-06-16 09:59:37,054] Register - Step 03: Input data FC to lastName textbox
[2023-06-16 09:59:37,096] Register - Step 04: Input data automation1672@mail.com to emailAddress textbox
[2023-06-16 09:59:37,143] Register - Step 05: Input data 123456 to password textbox
[2023-06-16 09:59:37,187] Register - Step 06: Input data 123456 to confirm password textbox
[2023-06-16 09:59:37,223] Register - Step 07: Click to Register Button
[2023-06-16 09:59:37,963] Register - Step 08: Verify result register successfully
[2023-06-16 09:59:38,006]  -------------------------- PASSED -------------------------- 
[2023-06-16 09:59:38,008] Login - Step 01: Click to Login Link
[2023-06-16 09:59:38,393] Login - Step 02: Input to required fields
[2023-06-16 09:59:38,497] Login - Step 03: Click to Login Button
[2023-06-16 09:59:39,175] Login - Step 04: Verify success message displayed
[2023-06-16 09:59:39,227]  -------------------------- PASSED -------------------------- 
[2023-06-16 09:59:39,227] Customer-Info - Step 01: Click to My Account Link
[2023-06-16 09:59:39,598] Customer-Info - Step 02: Click to Customer Info Link
[2023-06-16 09:59:39,964] Customer-Info - Step 03: Input data to required fields
[2023-06-16 09:59:41,121] Customer-Info - Step 04: Click to Save Button
[2023-06-16 09:59:41,846] Customer-Info - Step 05: Verify result
[2023-06-16 09:59:41,874]  -------------------------- PASSED -------------------------- 
[2023-06-16 09:59:41,889]  -------------------------- PASSED -------------------------- 
[2023-06-16 09:59:41,900]  -------------------------- PASSED -------------------------- 
[2023-06-16 09:59:41,927]  -------------------------- PASSED -------------------------- 
[2023-06-16 09:59:41,953]  -------------------------- PASSED -------------------------- 
[2023-06-16 09:59:42,116]  -------------------------- PASSED -------------------------- 
[2023-06-16 09:59:42,125]  -------------------------- PASSED -------------------------- 
[2023-06-16 09:59:42,135]  -------------------------- PASSED -------------------------- 
[2023-06-16 09:59:42,135] Customer-Info - Step 06: Close popup
[2023-06-16 10:03:12,557] Run on FIREFOX
[2023-06-16 10:03:16,293] Register - Step 01: Click to register link
[2023-06-16 10:03:17,323] Register - Step 02: Input data Automation to firstname textbox
[2023-06-16 10:03:17,376] Register - Step 03: Input data FC to lastName textbox
[2023-06-16 10:03:17,420] Register - Step 04: Input data automation5230@mail.com to emailAddress textbox
[2023-06-16 10:03:17,462] Register - Step 05: Input data 123456 to password textbox
[2023-06-16 10:03:17,499] Register - Step 06: Input data 123456 to confirm password textbox
[2023-06-16 10:03:17,537] Register - Step 07: Click to Register Button
[2023-06-16 10:03:18,219] Register - Step 08: Verify result register successfully
[2023-06-16 10:03:18,262]  -------------------------- PASSED -------------------------- 
[2023-06-16 10:03:18,264] Login - Step 01: Click to Login Link
[2023-06-16 10:03:18,653] Login - Step 02: Input to required fields
[2023-06-16 10:03:18,748] Login - Step 03: Click to Login Button
[2023-06-16 10:03:19,389] Login - Step 04: Verify success message displayed
[2023-06-16 10:03:19,441]  -------------------------- PASSED -------------------------- 
[2023-06-16 10:03:19,441] Customer-Info - Step 01: Click to My Account Link
[2023-06-16 10:03:19,831] Customer-Info - Step 02: Click to Customer Info Link
[2023-06-16 10:03:20,185] Customer-Info - Step 03: Input data to required fields
[2023-06-16 10:03:21,353] Customer-Info - Step 04: Click to Save Button
[2023-06-16 10:03:22,024] Customer-Info - Step 05: Verify result
[2023-06-16 10:03:22,049]  -------------------------- PASSED -------------------------- 
[2023-06-16 10:03:22,062]  -------------------------- PASSED -------------------------- 
[2023-06-16 10:03:22,074]  -------------------------- PASSED -------------------------- 
[2023-06-16 10:03:22,102]  -------------------------- PASSED -------------------------- 
[2023-06-16 10:03:22,128]  -------------------------- PASSED -------------------------- 
[2023-06-16 10:03:22,286]  -------------------------- PASSED -------------------------- 
[2023-06-16 10:03:22,296]  -------------------------- PASSED -------------------------- 
[2023-06-16 10:03:22,306]  -------------------------- PASSED -------------------------- 
[2023-06-16 10:03:22,306] Customer-Info - Step 06: Close popup
[2023-06-16 10:04:41,213] Run on FIREFOX
[2023-06-16 10:04:45,249] Register - Step 01: Click to register link
[2023-06-16 10:04:46,331] Register - Step 02: Input data Automation to firstname textbox
[2023-06-16 10:04:46,383] Register - Step 03: Input data FC to lastName textbox
[2023-06-16 10:04:46,423] Register - Step 04: Input data automation7313@mail.com to emailAddress textbox
[2023-06-16 10:04:46,466] Register - Step 05: Input data 123456 to password textbox
[2023-06-16 10:04:46,506] Register - Step 06: Input data 123456 to confirm password textbox
[2023-06-16 10:04:46,544] Register - Step 07: Click to Register Button
[2023-06-16 10:04:47,232] Register - Step 08: Verify result register successfully
[2023-06-16 10:04:47,273]  -------------------------- FAILED -------------------------- 
[2023-06-16 10:04:47,276] Login - Step 01: Click to Login Link
[2023-06-16 10:04:47,632] Login - Step 02: Input to required fields
[2023-06-16 10:04:47,730] Login - Step 03: Click to Login Button
[2023-06-16 10:04:48,363] Login - Step 04: Verify success message displayed
[2023-06-16 10:04:48,415]  -------------------------- PASSED -------------------------- 
[2023-06-16 10:04:48,415] Customer-Info - Step 01: Click to My Account Link
[2023-06-16 10:04:48,759] Customer-Info - Step 02: Click to Customer Info Link
[2023-06-16 10:04:50,683] Customer-Info - Step 03: Input data to required fields
[2023-06-16 10:04:51,877] Customer-Info - Step 04: Click to Save Button
[2023-06-16 10:04:52,524] Customer-Info - Step 05: Verify result
[2023-06-16 10:04:52,553]  -------------------------- PASSED -------------------------- 
[2023-06-16 10:04:52,567]  -------------------------- PASSED -------------------------- 
[2023-06-16 10:04:52,577]  -------------------------- PASSED -------------------------- 
[2023-06-16 10:04:52,604]  -------------------------- PASSED -------------------------- 
[2023-06-16 10:04:52,628]  -------------------------- PASSED -------------------------- 
[2023-06-16 10:04:52,799]  -------------------------- PASSED -------------------------- 
[2023-06-16 10:04:52,808]  -------------------------- PASSED -------------------------- 
[2023-06-16 10:04:52,818]  -------------------------- PASSED -------------------------- 
[2023-06-16 10:04:52,818] Customer-Info - Step 06: Close popup
[2023-06-16 10:06:47,993] Run on FIREFOX
[2023-06-16 10:06:51,859] Register - Step 01: Click to register link
[2023-06-16 10:06:52,862] Register - Step 02: Input data Automation to firstname textbox
[2023-06-16 10:06:52,915] Register - Step 03: Input data FC to lastName textbox
[2023-06-16 10:06:52,957] Register - Step 04: Input data automation8657@mail.com to emailAddress textbox
[2023-06-16 10:06:53,000] Register - Step 05: Input data 123456 to password textbox
[2023-06-16 10:06:53,040] Register - Step 06: Input data 123456 to confirm password textbox
[2023-06-16 10:06:53,077] Register - Step 07: Click to Register Button
[2023-06-16 10:06:53,743] Register - Step 08: Verify result register successfully
[2023-06-16 10:06:53,784]  -------------------------- FAILED -------------------------- 
[2023-06-16 10:06:53,787] Login - Step 01: Click to Login Link
[2023-06-16 10:06:54,153] Login - Step 02: Input to required fields
[2023-06-16 10:06:54,256] Login - Step 03: Click to Login Button
[2023-06-16 10:06:54,889] Login - Step 04: Verify success message displayed
[2023-06-16 10:06:54,942]  -------------------------- PASSED -------------------------- 
[2023-06-16 10:06:54,942] Customer-Info - Step 01: Click to My Account Link
[2023-06-16 10:06:55,292] Customer-Info - Step 02: Click to Customer Info Link
[2023-06-16 10:06:55,662] Customer-Info - Step 03: Input data to required fields
[2023-06-16 10:06:56,838] Customer-Info - Step 04: Click to Save Button
[2023-06-16 10:06:57,481] Customer-Info - Step 05: Verify result
[2023-06-16 10:06:57,509]  -------------------------- PASSED -------------------------- 
[2023-06-16 10:06:57,520]  -------------------------- PASSED -------------------------- 
[2023-06-16 10:06:57,532]  -------------------------- PASSED -------------------------- 
[2023-06-16 10:06:57,560]  -------------------------- PASSED -------------------------- 
[2023-06-16 10:06:57,587]  -------------------------- PASSED -------------------------- 
[2023-06-16 10:06:57,746]  -------------------------- PASSED -------------------------- 
[2023-06-16 10:06:57,755]  -------------------------- PASSED -------------------------- 
[2023-06-16 10:06:57,765]  -------------------------- PASSED -------------------------- 
[2023-06-16 10:06:57,765] Customer-Info - Step 06: Close popup
[2023-06-16 10:08:15,631] Run on FIREFOX
[2023-06-16 10:08:19,490] Register - Step 01: Click to register link
[2023-06-16 10:08:20,528] Register - Step 02: Input data Automation to firstname textbox
[2023-06-16 10:08:20,581] Register - Step 03: Input data FC to lastName textbox
[2023-06-16 10:08:20,622] Register - Step 04: Input data automation9821@mail.com to emailAddress textbox
[2023-06-16 10:08:20,667] Register - Step 05: Input data 123456 to password textbox
[2023-06-16 10:08:20,707] Register - Step 06: Input data 123456 to confirm password textbox
[2023-06-16 10:08:20,746] Register - Step 07: Click to Register Button
[2023-06-16 10:08:21,402] Register - Step 08: Verify result register successfully
[2023-06-16 10:08:21,443]  -------------------------- FAILED -------------------------- 
[2023-06-16 10:08:21,447] Login - Step 01: Click to Login Link
[2023-06-16 10:08:21,819] Login - Step 02: Input to required fields
[2023-06-16 10:08:21,919] Login - Step 03: Click to Login Button
[2023-06-16 10:08:22,562] Login - Step 04: Verify success message displayed
[2023-06-16 10:08:22,619]  -------------------------- PASSED -------------------------- 
[2023-06-16 10:08:22,619] Customer-Info - Step 01: Click to My Account Link
[2023-06-16 10:08:22,994] Customer-Info - Step 02: Click to Customer Info Link
[2023-06-16 10:08:23,367] Customer-Info - Step 03: Input data to required fields
[2023-06-16 10:08:24,499] Customer-Info - Step 04: Click to Save Button
[2023-06-16 10:08:25,133] Customer-Info - Step 05: Verify result
[2023-06-16 10:08:25,161]  -------------------------- PASSED -------------------------- 
[2023-06-16 10:08:25,175]  -------------------------- PASSED -------------------------- 
[2023-06-16 10:08:25,185]  -------------------------- PASSED -------------------------- 
[2023-06-16 10:08:25,212]  -------------------------- PASSED -------------------------- 
[2023-06-16 10:08:25,238]  -------------------------- PASSED -------------------------- 
[2023-06-16 10:08:25,392]  -------------------------- PASSED -------------------------- 
[2023-06-16 10:08:25,401]  -------------------------- PASSED -------------------------- 
[2023-06-16 10:08:25,411]  -------------------------- PASSED -------------------------- 
[2023-06-16 10:08:25,411] Customer-Info - Step 06: Close popup
[2023-06-16 10:08:59,604] Run on FIREFOX
[2023-06-16 10:09:03,537] Register - Step 01: Click to register link
[2023-06-16 10:09:04,575] Register - Step 02: Input data Automation to firstname textbox
[2023-06-16 10:09:04,636] Register - Step 03: Input data FC to lastName textbox
[2023-06-16 10:09:04,682] Register - Step 04: Input data automation1342@mail.com to emailAddress textbox
[2023-06-16 10:09:04,726] Register - Step 05: Input data 123456 to password textbox
[2023-06-16 10:09:04,764] Register - Step 06: Input data 123456 to confirm password textbox
[2023-06-16 10:09:04,798] Register - Step 07: Click to Register Button
[2023-06-16 10:09:05,486] Register - Step 08: Verify result register successfully
[2023-06-16 10:09:05,525]  -------------------------- FAILED -------------------------- 
[2023-06-16 10:09:05,529] Login - Step 01: Click to Login Link
[2023-06-16 10:09:47,230] Run on FIREFOX
[2023-06-16 10:09:51,031] Register - Step 01: Click to register link
[2023-06-16 10:09:52,235] Register - Step 02: Input data Automation to firstname textbox
[2023-06-16 10:09:52,289] Register - Step 03: Input data FC to lastName textbox
[2023-06-16 10:09:52,330] Register - Step 04: Input data automation5442@mail.com to emailAddress textbox
[2023-06-16 10:09:52,374] Register - Step 05: Input data 123456 to password textbox
[2023-06-16 10:09:52,414] Register - Step 06: Input data 123456 to confirm password textbox
[2023-06-16 10:09:52,453] Register - Step 07: Click to Register Button
[2023-06-16 10:09:53,133] Register - Step 08: Verify result register successfully
[2023-06-16 10:09:53,175]  -------------------------- FAILED -------------------------- 
[2023-06-16 10:09:53,178] Login - Step 01: Click to Login Link
[2023-06-16 10:09:53,555] Login - Step 02: Input to required fields
[2023-06-16 10:09:53,660] Login - Step 03: Click to Login Button
[2023-06-16 10:09:54,289] Login - Step 04: Verify success message displayed
[2023-06-16 10:09:54,341]  -------------------------- PASSED -------------------------- 
[2023-06-16 10:09:54,341] Customer-Info - Step 01: Click to My Account Link
[2023-06-16 10:09:54,700] Customer-Info - Step 02: Click to Customer Info Link
[2023-06-16 10:09:55,087] Customer-Info - Step 03: Input data to required fields
[2023-06-16 10:09:56,273] Customer-Info - Step 04: Click to Save Button
[2023-06-16 10:09:56,916] Customer-Info - Step 05: Verify result
[2023-06-16 10:09:56,944]  -------------------------- PASSED -------------------------- 
[2023-06-16 10:09:56,956]  -------------------------- PASSED -------------------------- 
[2023-06-16 10:09:56,967]  -------------------------- PASSED -------------------------- 
[2023-06-16 10:09:56,996]  -------------------------- PASSED -------------------------- 
[2023-06-16 10:09:57,021]  -------------------------- PASSED -------------------------- 
[2023-06-16 10:09:57,185]  -------------------------- PASSED -------------------------- 
[2023-06-16 10:09:57,194]  -------------------------- PASSED -------------------------- 
[2023-06-16 10:09:57,204]  -------------------------- PASSED -------------------------- 
[2023-06-16 10:09:57,204] Customer-Info - Step 06: Close popup
[2023-06-16 10:11:48,542] Run on FIREFOX
[2023-06-16 10:11:52,276] Register - Step 01: Click to register link
[2023-06-16 10:11:53,309] Register - Step 02: Input data Automation to firstname textbox
[2023-06-16 10:11:53,366] Register - Step 03: Input data FC to lastName textbox
[2023-06-16 10:11:53,406] Register - Step 04: Input data automation803@mail.com to emailAddress textbox
[2023-06-16 10:11:53,451] Register - Step 05: Input data 123456 to password textbox
[2023-06-16 10:11:53,491] Register - Step 06: Input data 123456 to confirm password textbox
[2023-06-16 10:11:53,528] Register - Step 07: Click to Register Button
[2023-06-16 10:11:54,208] Register - Step 08: Verify result register successfully
[2023-06-16 10:11:54,253]  -------------------------- FAILED -------------------------- 
[2023-06-16 10:11:54,256] Login - Step 01: Click to Login Link
[2023-06-16 10:11:54,625] Login - Step 02: Input to required fields
[2023-06-16 10:11:54,722] Login - Step 03: Click to Login Button
[2023-06-16 10:11:55,352] Login - Step 04: Verify success message displayed
[2023-06-16 10:11:55,406]  -------------------------- PASSED -------------------------- 
[2023-06-16 10:11:55,406] Customer-Info - Step 01: Click to My Account Link
[2023-06-16 10:11:55,763] Customer-Info - Step 02: Click to Customer Info Link
[2023-06-16 10:11:56,135] Customer-Info - Step 03: Input data to required fields
[2023-06-16 10:11:57,306] Customer-Info - Step 04: Click to Save Button
[2023-06-16 10:11:57,940] Customer-Info - Step 05: Verify result
[2023-06-16 10:11:57,967]  -------------------------- PASSED -------------------------- 
[2023-06-16 10:11:57,978]  -------------------------- PASSED -------------------------- 
[2023-06-16 10:11:57,988]  -------------------------- PASSED -------------------------- 
[2023-06-16 10:11:58,016]  -------------------------- PASSED -------------------------- 
[2023-06-16 10:11:58,041]  -------------------------- PASSED -------------------------- 
[2023-06-16 10:11:58,189]  -------------------------- PASSED -------------------------- 
[2023-06-16 10:11:58,198]  -------------------------- PASSED -------------------------- 
[2023-06-16 10:11:58,208]  -------------------------- PASSED -------------------------- 
[2023-06-16 10:11:58,208] Customer-Info - Step 06: Close popup
[2023-06-16 10:23:05,494] Run on FIREFOX
[2023-06-16 10:23:09,304] Register - Step 01: Click to register link
[2023-06-16 10:23:10,330] Register - Step 02: Input data Automation to firstname textbox
[2023-06-16 10:23:10,384] Register - Step 03: Input data FC to lastName textbox
[2023-06-16 10:23:10,426] Register - Step 04: Input data automation533@mail.com to emailAddress textbox
[2023-06-16 10:23:10,472] Register - Step 05: Input data 123456 to password textbox
[2023-06-16 10:23:10,512] Register - Step 06: Input data 123456 to confirm password textbox
[2023-06-16 10:23:10,551] Register - Step 07: Click to Register Button
[2023-06-16 10:23:11,233] Register - Step 08: Verify result register successfully
[2023-06-16 10:23:11,277]  -------------------------- FAILED -------------------------- 
[2023-06-16 10:23:11,280] Login - Step 01: Click to Login Link
[2023-06-16 10:23:11,650] Login - Step 02: Input to required fields
[2023-06-16 10:23:11,746] Login - Step 03: Click to Login Button
[2023-06-16 10:23:12,377] Login - Step 04: Verify success message displayed
[2023-06-16 10:23:12,431]  -------------------------- PASSED -------------------------- 
[2023-06-16 10:23:12,431] Customer-Info - Step 01: Click to My Account Link
[2023-06-16 10:23:12,790] Customer-Info - Step 02: Click to Customer Info Link
[2023-06-16 10:23:13,156] Customer-Info - Step 03: Input data to required fields
[2023-06-16 10:23:14,335] Customer-Info - Step 04: Click to Save Button
[2023-06-16 10:23:14,954] Customer-Info - Step 05: Verify result
[2023-06-16 10:23:14,987]  -------------------------- PASSED -------------------------- 
[2023-06-16 10:23:15,000]  -------------------------- PASSED -------------------------- 
[2023-06-16 10:23:15,010]  -------------------------- PASSED -------------------------- 
[2023-06-16 10:23:15,037]  -------------------------- PASSED -------------------------- 
[2023-06-16 10:23:15,062]  -------------------------- PASSED -------------------------- 
[2023-06-16 10:23:15,215]  -------------------------- PASSED -------------------------- 
[2023-06-16 10:23:15,225]  -------------------------- PASSED -------------------------- 
[2023-06-16 10:23:15,234]  -------------------------- PASSED -------------------------- 
[2023-06-16 10:23:15,234] Customer-Info - Step 06: Close popup
[2023-06-16 10:24:12,467] Run on FIREFOX
[2023-06-16 10:24:16,169] Register - Step 01: Click to register link
[2023-06-16 10:24:17,164] Register - Step 02: Input data Automation to firstname textbox
[2023-06-16 10:24:17,216] Register - Step 03: Input data FC to lastName textbox
[2023-06-16 10:24:17,261] Register - Step 04: Input data automation9198@mail.com to emailAddress textbox
[2023-06-16 10:24:17,304] Register - Step 05: Input data 123456 to password textbox
[2023-06-16 10:24:17,343] Register - Step 06: Input data 123456 to confirm password textbox
[2023-06-16 10:24:17,382] Register - Step 07: Click to Register Button
[2023-06-16 10:24:18,064] Register - Step 08: Verify result register successfully
[2023-06-16 10:24:18,107]  -------------------------- FAILED -------------------------- 
[2023-06-16 10:24:18,111] Login - Step 01: Click to Login Link
[2023-06-16 10:24:18,484] Login - Step 02: Input to required fields
[2023-06-16 10:24:18,583] Login - Step 03: Click to Login Button
[2023-06-16 10:24:19,200] Login - Step 04: Verify success message displayed
[2023-06-16 10:24:19,252]  -------------------------- PASSED -------------------------- 
[2023-06-16 10:24:19,252] Customer-Info - Step 01: Click to My Account Link
[2023-06-16 10:24:19,626] Customer-Info - Step 02: Click to Customer Info Link
[2023-06-16 10:24:19,983] Customer-Info - Step 03: Input data to required fields
[2023-06-16 10:24:21,190] Customer-Info - Step 04: Click to Save Button
[2023-06-16 10:24:21,811] Customer-Info - Step 05: Verify result
[2023-06-16 10:24:21,836]  -------------------------- PASSED -------------------------- 
[2023-06-16 10:24:21,848]  -------------------------- PASSED -------------------------- 
[2023-06-16 10:24:21,861]  -------------------------- PASSED -------------------------- 
[2023-06-16 10:24:21,888]  -------------------------- PASSED -------------------------- 
[2023-06-16 10:24:21,918]  -------------------------- PASSED -------------------------- 
[2023-06-16 10:24:22,082]  -------------------------- PASSED -------------------------- 
[2023-06-16 10:24:22,092]  -------------------------- PASSED -------------------------- 
[2023-06-16 10:24:22,102]  -------------------------- PASSED -------------------------- 
[2023-06-16 10:24:22,102] Customer-Info - Step 06: Close popup
[2023-06-16 10:36:17,935] Run on FIREFOX
[2023-06-16 10:36:22,409] Register - Step 01: Click to register link
[2023-06-16 10:36:23,500] Register - Step 02: Input data Automation to firstname textbox
[2023-06-16 10:36:23,555] Register - Step 03: Input data FC to lastName textbox
[2023-06-16 10:36:23,598] Register - Step 04: Input data automation6934@mail.com to emailAddress textbox
[2023-06-16 10:36:23,643] Register - Step 05: Input data 123456 to password textbox
[2023-06-16 10:36:23,684] Register - Step 06: Input data 123456 to confirm password textbox
[2023-06-16 10:36:23,723] Register - Step 07: Click to Register Button
[2023-06-16 10:36:24,408] Register - Step 08: Verify result register successfully
[2023-06-16 10:36:24,454]  -------------------------- FAILED -------------------------- 
[2023-06-16 10:36:24,457] Login - Step 01: Click to Login Link
[2023-06-16 10:36:24,821] Login - Step 02: Input to required fields
[2023-06-16 10:36:24,928] Login - Step 03: Click to Login Button
[2023-06-16 10:36:25,606] Login - Step 04: Verify success message displayed
[2023-06-16 10:36:25,658]  -------------------------- PASSED -------------------------- 
[2023-06-16 10:36:25,658] Customer-Info - Step 01: Click to My Account Link
[2023-06-16 10:36:26,003] Customer-Info - Step 02: Click to Customer Info Link
[2023-06-16 10:36:26,358] Customer-Info - Step 03: Input data to required fields
[2023-06-16 10:36:27,523] Customer-Info - Step 04: Click to Save Button
[2023-06-16 10:36:28,158] Customer-Info - Step 05: Verify result
[2023-06-16 10:36:28,188]  -------------------------- PASSED -------------------------- 
[2023-06-16 10:36:28,200]  -------------------------- PASSED -------------------------- 
[2023-06-16 10:36:28,210]  -------------------------- PASSED -------------------------- 
[2023-06-16 10:36:28,237]  -------------------------- PASSED -------------------------- 
[2023-06-16 10:36:28,263]  -------------------------- PASSED -------------------------- 
[2023-06-16 10:36:28,424]  -------------------------- PASSED -------------------------- 
[2023-06-16 10:36:28,432]  -------------------------- PASSED -------------------------- 
[2023-06-16 10:36:28,442]  -------------------------- PASSED -------------------------- 
[2023-06-16 10:36:28,442] Customer-Info - Step 06: Close popup
[2023-06-16 10:36:59,225] Run on FIREFOX
[2023-06-16 10:37:02,929] Register - Step 01: Click to register link
[2023-06-16 10:37:03,430] Register - Step 02: Input data Automation to firstname textbox
[2023-06-16 10:37:03,487] Register - Step 03: Input data FC to lastName textbox
[2023-06-16 10:37:03,529] Register - Step 04: Input data automation4896@mail.com to emailAddress textbox
[2023-06-16 10:37:03,573] Register - Step 05: Input data 123456 to password textbox
[2023-06-16 10:37:03,610] Register - Step 06: Input data 123456 to confirm password textbox
[2023-06-16 10:37:03,649] Register - Step 07: Click to Register Button
[2023-06-16 10:37:04,301] Register - Step 08: Verify result register successfully
[2023-06-16 10:37:04,343]  -------------------------- FAILED -------------------------- 
[2023-06-16 10:37:04,346] Login - Step 01: Click to Login Link
[2023-06-16 10:37:04,691] Login - Step 02: Input to required fields
[2023-06-16 10:37:04,790] Login - Step 03: Click to Login Button
[2023-06-16 10:37:05,388] Login - Step 04: Verify success message displayed
[2023-06-16 10:37:05,442]  -------------------------- PASSED -------------------------- 
[2023-06-16 10:37:05,443] Customer-Info - Step 01: Click to My Account Link
[2023-06-16 10:37:05,787] Customer-Info - Step 02: Click to Customer Info Link
[2023-06-16 10:37:06,129] Customer-Info - Step 03: Input data to required fields
[2023-06-16 10:37:07,287] Customer-Info - Step 04: Click to Save Button
[2023-06-16 10:37:07,888] Customer-Info - Step 05: Verify result
[2023-06-16 10:37:07,913]  -------------------------- PASSED -------------------------- 
[2023-06-16 10:37:07,925]  -------------------------- PASSED -------------------------- 
[2023-06-16 10:37:07,935]  -------------------------- PASSED -------------------------- 
[2023-06-16 10:37:07,962]  -------------------------- PASSED -------------------------- 
[2023-06-16 10:37:07,985]  -------------------------- PASSED -------------------------- 
[2023-06-16 10:37:08,124]  -------------------------- PASSED -------------------------- 
[2023-06-16 10:37:08,134]  -------------------------- PASSED -------------------------- 
[2023-06-16 10:37:08,144]  -------------------------- PASSED -------------------------- 
[2023-06-16 10:37:08,144] Customer-Info - Step 06: Close popup
[2023-06-16 10:38:14,264] Run on FIREFOX
[2023-06-16 10:38:18,184] Register - Step 01: Click to register link
[2023-06-16 10:38:19,196] Register - Step 02: Input data Automation to firstname textbox
[2023-06-16 10:38:19,248] Register - Step 03: Input data FC to lastName textbox
[2023-06-16 10:38:19,290] Register - Step 04: Input data automation9117@mail.com to emailAddress textbox
[2023-06-16 10:38:19,334] Register - Step 05: Input data 123456 to password textbox
[2023-06-16 10:38:19,372] Register - Step 06: Input data 123456 to confirm password textbox
[2023-06-16 10:38:19,410] Register - Step 07: Click to Register Button
[2023-06-16 10:38:20,555] Register - Step 08: Verify result register successfully
[2023-06-16 10:38:20,599]  -------------------------- FAILED -------------------------- 
[2023-06-16 10:38:20,602] Login - Step 01: Click to Login Link
[2023-06-16 10:38:30,964] Run on FIREFOX
[2023-06-16 10:38:34,193] Register - Step 01: Click to register link
[2023-06-16 10:39:14,739] Login - Step 01: Click to Login Link
[2023-06-16 10:40:48,167] Run on FIREFOX
[2023-06-16 10:40:51,895] Register - Step 01: Click to register link
[2023-06-16 10:40:52,960] Register - Step 02: Input data Automation to firstname textbox
[2023-06-16 10:40:53,017] Register - Step 03: Input data FC to lastName textbox
[2023-06-16 10:40:53,059] Register - Step 04: Input data automation3087@mail.com to emailAddress textbox
[2023-06-16 10:40:53,104] Register - Step 05: Input data 123456 to password textbox
[2023-06-16 10:40:53,147] Register - Step 06: Input data 123456 to confirm password textbox
[2023-06-16 10:40:53,183] Register - Step 07: Click to Register Button
[2023-06-16 10:40:53,957] Register - Step 08: Verify result register successfully
[2023-06-16 10:40:53,999]  -------------------------- FAILED -------------------------- 
[2023-06-16 10:40:54,002] Login - Step 01: Click to Login Link
[2023-06-16 10:40:54,370] Login - Step 02: Input to required fields
[2023-06-16 10:40:54,476] Login - Step 03: Click to Login Button
[2023-06-16 10:40:55,109] Login - Step 04: Verify success message displayed
[2023-06-16 10:40:55,160]  -------------------------- PASSED -------------------------- 
[2023-06-16 10:40:55,160] Customer-Info - Step 01: Click to My Account Link
[2023-06-16 10:40:55,519] Customer-Info - Step 02: Click to Customer Info Link
[2023-06-16 10:40:55,899] Customer-Info - Step 03: Input data to required fields
[2023-06-16 10:40:57,055] Customer-Info - Step 04: Click to Save Button
[2023-06-16 10:40:57,689] Customer-Info - Step 05: Verify result
[2023-06-16 10:40:57,716]  -------------------------- PASSED -------------------------- 
[2023-06-16 10:40:57,729]  -------------------------- PASSED -------------------------- 
[2023-06-16 10:40:57,738]  -------------------------- PASSED -------------------------- 
[2023-06-16 10:40:57,765]  -------------------------- PASSED -------------------------- 
[2023-06-16 10:40:57,791]  -------------------------- PASSED -------------------------- 
[2023-06-16 10:40:57,946]  -------------------------- PASSED -------------------------- 
[2023-06-16 10:40:57,955]  -------------------------- PASSED -------------------------- 
[2023-06-16 10:40:57,965]  -------------------------- PASSED -------------------------- 
[2023-06-16 10:40:57,965] Customer-Info - Step 06: Close popup
[2023-06-16 10:41:55,381] Run on FIREFOX
[2023-06-16 10:41:59,132] Register - Step 01: Click to register link
[2023-06-16 10:42:00,299] Register - Step 02: Input data Automation to firstname textbox
[2023-06-16 10:42:00,351] Register - Step 03: Input data FC to lastName textbox
[2023-06-16 10:42:00,395] Register - Step 04: Input data automation1707@mail.com to emailAddress textbox
[2023-06-16 10:42:00,439] Register - Step 05: Input data 123456 to password textbox
[2023-06-16 10:42:00,479] Register - Step 06: Input data 123456 to confirm password textbox
[2023-06-16 10:42:00,516] Register - Step 07: Click to Register Button
[2023-06-16 10:42:01,231] Register - Step 08: Verify result register successfully
[2023-06-16 10:42:01,271]  -------------------------- FAILED -------------------------- 
[2023-06-16 10:42:01,274] Login - Step 01: Click to Login Link
[2023-06-16 10:42:01,673] Login - Step 02: Input to required fields
[2023-06-16 10:42:01,768] Login - Step 03: Click to Login Button
[2023-06-16 10:42:02,417] Login - Step 04: Verify success message displayed
[2023-06-16 10:42:02,470]  -------------------------- PASSED -------------------------- 
[2023-06-16 10:42:02,470] Customer-Info - Step 01: Click to My Account Link
[2023-06-16 10:42:02,822] Customer-Info - Step 02: Click to Customer Info Link
[2023-06-16 10:42:03,193] Customer-Info - Step 03: Input data to required fields
[2023-06-16 10:42:04,395] Customer-Info - Step 04: Click to Save Button
[2023-06-16 10:42:05,021] Customer-Info - Step 05: Verify result
[2023-06-16 10:42:05,048]  -------------------------- PASSED -------------------------- 
[2023-06-16 10:42:05,062]  -------------------------- PASSED -------------------------- 
[2023-06-16 10:42:05,072]  -------------------------- PASSED -------------------------- 
[2023-06-16 10:42:05,100]  -------------------------- PASSED -------------------------- 
[2023-06-16 10:42:05,124]  -------------------------- PASSED -------------------------- 
[2023-06-16 10:42:05,285]  -------------------------- PASSED -------------------------- 
[2023-06-16 10:42:05,295]  -------------------------- PASSED -------------------------- 
[2023-06-16 10:42:05,305]  -------------------------- PASSED -------------------------- 
[2023-06-16 10:42:05,305] Customer-Info - Step 06: Close popup
[2023-06-16 11:06:26,238] Run on FIREFOX
[2023-06-16 11:06:30,254] Register - Step 01: Click to register link
[2023-06-16 11:06:31,336] Register - Step 02: Input data Automation to firstname textbox
[2023-06-16 11:06:31,390] Register - Step 03: Input data FC to lastName textbox
[2023-06-16 11:06:31,433] Register - Step 04: Input data automation4447@mail.com to emailAddress textbox
[2023-06-16 11:06:31,477] Register - Step 05: Input data 123456 to password textbox
[2023-06-16 11:06:31,522] Register - Step 06: Input data 123456 to confirm password textbox
[2023-06-16 11:06:31,561] Register - Step 07: Click to Register Button
[2023-06-16 11:06:32,270] Register - Step 08: Verify result register successfully
[2023-06-16 11:06:32,311]  -------------------------- FAILED -------------------------- 
[2023-06-16 11:06:32,314] Login - Step 01: Click to Login Link
[2023-06-16 11:06:32,669] Login - Step 02: Input to required fields
[2023-06-16 11:06:32,773] Login - Step 03: Click to Login Button
[2023-06-16 11:06:33,418] Login - Step 04: Verify success message displayed
[2023-06-16 11:06:33,472]  -------------------------- PASSED -------------------------- 
[2023-06-16 11:06:33,473] Customer-Info - Step 01: Click to My Account Link
[2023-06-16 11:06:33,817] Customer-Info - Step 02: Click to Customer Info Link
[2023-06-16 11:06:34,186] Customer-Info - Step 03: Input data to required fields
[2023-06-16 11:06:35,353] Customer-Info - Step 04: Click to Save Button
[2023-06-16 11:06:35,969] Customer-Info - Step 05: Verify result
[2023-06-16 11:06:35,997]  -------------------------- PASSED -------------------------- 
[2023-06-16 11:06:36,008]  -------------------------- PASSED -------------------------- 
[2023-06-16 11:06:36,019]  -------------------------- PASSED -------------------------- 
[2023-06-16 11:06:36,047]  -------------------------- PASSED -------------------------- 
[2023-06-16 11:06:36,073]  -------------------------- PASSED -------------------------- 
[2023-06-16 11:06:36,231]  -------------------------- PASSED -------------------------- 
[2023-06-16 11:06:36,239]  -------------------------- PASSED -------------------------- 
[2023-06-16 11:06:36,250]  -------------------------- PASSED -------------------------- 
[2023-06-16 11:06:36,250] Customer-Info - Step 06: Close popup
[2023-06-16 11:11:18,667] Run on FIREFOX
[2023-06-16 11:11:22,712] Register - Step 01: Click to register link
[2023-06-16 11:11:23,732] Register - Step 02: Input data Automation to firstname textbox
[2023-06-16 11:11:23,789] Register - Step 03: Input data FC to lastName textbox
[2023-06-16 11:11:23,837] Register - Step 04: Input data automation2191@mail.com to emailAddress textbox
[2023-06-16 11:11:23,885] Register - Step 05: Input data 123456 to password textbox
[2023-06-16 11:11:23,923] Register - Step 06: Input data 123456 to confirm password textbox
[2023-06-16 11:11:23,959] Register - Step 07: Click to Register Button
[2023-06-16 11:11:24,623] Register - Step 08: Verify result register successfully
[2023-06-16 11:11:24,668]  -------------------------- FAILED -------------------------- 
[2023-06-16 11:11:24,671] Login - Step 01: Click to Login Link
[2023-06-16 11:11:25,040] Login - Step 02: Input to required fields
[2023-06-16 11:11:25,139] Login - Step 03: Click to Login Button
[2023-06-16 11:11:25,761] Login - Step 04: Verify success message displayed
[2023-06-16 11:11:25,813]  -------------------------- PASSED -------------------------- 
[2023-06-16 11:11:25,814] Customer-Info - Step 01: Click to My Account Link
[2023-06-16 11:11:26,168] Customer-Info - Step 02: Click to Customer Info Link
[2023-06-16 11:11:26,540] Customer-Info - Step 03: Input data to required fields
[2023-06-16 11:11:27,715] Customer-Info - Step 04: Click to Save Button
[2023-06-16 11:11:28,345] Customer-Info - Step 05: Verify result
[2023-06-16 11:11:28,373]  -------------------------- PASSED -------------------------- 
[2023-06-16 11:11:28,387]  -------------------------- PASSED -------------------------- 
[2023-06-16 11:11:28,397]  -------------------------- PASSED -------------------------- 
[2023-06-16 11:11:28,427]  -------------------------- PASSED -------------------------- 
[2023-06-16 11:11:28,452]  -------------------------- PASSED -------------------------- 
[2023-06-16 11:11:28,602]  -------------------------- PASSED -------------------------- 
[2023-06-16 11:11:28,612]  -------------------------- PASSED -------------------------- 
[2023-06-16 11:11:28,622]  -------------------------- PASSED -------------------------- 
[2023-06-16 11:11:28,622] Customer-Info - Step 06: Close popup
[2023-06-16 11:11:49,160] Run on FIREFOX
[2023-06-16 11:11:53,060] Register - Step 01: Click to register link
[2023-06-16 11:11:54,070] Register - Step 02: Input data Automation to firstname textbox
[2023-06-16 11:11:54,129] Register - Step 03: Input data FC to lastName textbox
[2023-06-16 11:11:54,176] Register - Step 04: Input data automation9190@mail.com to emailAddress textbox
[2023-06-16 11:11:54,221] Register - Step 05: Input data 123456 to password textbox
[2023-06-16 11:11:54,264] Register - Step 06: Input data 123456 to confirm password textbox
[2023-06-16 11:11:54,300] Register - Step 07: Click to Register Button
[2023-06-16 11:11:54,960] Register - Step 08: Verify result register successfully
[2023-06-16 11:11:55,002]  -------------------------- FAILED -------------------------- 
[2023-06-16 11:11:55,006] Login - Step 01: Click to Login Link
[2023-06-16 11:11:55,369] Login - Step 02: Input to required fields
[2023-06-16 11:11:55,467] Login - Step 03: Click to Login Button
[2023-06-16 11:11:56,083] Login - Step 04: Verify success message displayed
[2023-06-16 11:11:56,133]  -------------------------- PASSED -------------------------- 
[2023-06-16 11:11:56,133] Customer-Info - Step 01: Click to My Account Link
[2023-06-16 11:11:56,477] Customer-Info - Step 02: Click to Customer Info Link
[2023-06-16 11:11:56,851] Customer-Info - Step 03: Input data to required fields
[2023-06-16 11:11:58,072] Customer-Info - Step 04: Click to Save Button
[2023-06-16 11:11:58,677] Customer-Info - Step 05: Verify result
[2023-06-16 11:11:58,704]  -------------------------- PASSED -------------------------- 
[2023-06-16 11:11:58,717]  -------------------------- PASSED -------------------------- 
[2023-06-16 11:11:58,729]  -------------------------- PASSED -------------------------- 
[2023-06-16 11:11:58,757]  -------------------------- PASSED -------------------------- 
[2023-06-16 11:11:58,785]  -------------------------- PASSED -------------------------- 
[2023-06-16 11:11:58,939]  -------------------------- PASSED -------------------------- 
[2023-06-16 11:11:58,950]  -------------------------- PASSED -------------------------- 
[2023-06-16 11:11:58,961]  -------------------------- PASSED -------------------------- 
[2023-06-16 11:11:58,961] Customer-Info - Step 06: Close popup
[2023-06-16 11:13:49,415] Run on FIREFOX
[2023-06-16 11:13:55,338]  -------------------------- PASSED -------------------------- 
[2023-06-16 11:13:56,455]  -------------------------- PASSED -------------------------- 
[2023-06-16 11:13:59,021]  -------------------------- PASSED -------------------------- 
[2023-06-16 11:13:59,034]  -------------------------- PASSED -------------------------- 
[2023-06-16 11:13:59,044]  -------------------------- PASSED -------------------------- 
[2023-06-16 11:13:59,071]  -------------------------- PASSED -------------------------- 
[2023-06-16 11:13:59,096]  -------------------------- PASSED -------------------------- 
[2023-06-16 11:13:59,270]  -------------------------- PASSED -------------------------- 
[2023-06-16 11:13:59,279]  -------------------------- PASSED -------------------------- 
[2023-06-16 11:13:59,289]  -------------------------- PASSED -------------------------- 
[2023-06-16 11:14:27,571] Run on FIREFOX
[2023-06-16 11:14:33,294]  -------------------------- FAILED -------------------------- 
[2023-06-16 11:14:34,458]  -------------------------- PASSED -------------------------- 
[2023-06-16 11:14:37,043]  -------------------------- PASSED -------------------------- 
[2023-06-16 11:14:37,057]  -------------------------- PASSED -------------------------- 
[2023-06-16 11:14:37,067]  -------------------------- PASSED -------------------------- 
[2023-06-16 11:14:37,094]  -------------------------- PASSED -------------------------- 
[2023-06-16 11:14:37,120]  -------------------------- PASSED -------------------------- 
[2023-06-16 11:14:37,321]  -------------------------- PASSED -------------------------- 
[2023-06-16 11:14:37,331]  -------------------------- PASSED -------------------------- 
[2023-06-16 11:14:37,341]  -------------------------- PASSED -------------------------- 
[2023-06-16 14:48:02,416] Run on FIREFOX
[2023-06-16 14:48:08,845]  -------------------------- FAILED -------------------------- 
[2023-06-16 14:48:09,985]  -------------------------- PASSED -------------------------- 
[2023-06-16 14:48:12,553]  -------------------------- PASSED -------------------------- 
[2023-06-16 14:48:12,566]  -------------------------- PASSED -------------------------- 
[2023-06-16 14:48:12,577]  -------------------------- PASSED -------------------------- 
[2023-06-16 14:48:12,605]  -------------------------- PASSED -------------------------- 
[2023-06-16 14:48:12,631]  -------------------------- PASSED -------------------------- 
[2023-06-16 14:48:12,783]  -------------------------- PASSED -------------------------- 
[2023-06-16 14:48:12,792]  -------------------------- PASSED -------------------------- 
[2023-06-16 14:48:12,802]  -------------------------- PASSED -------------------------- 
[2023-06-16 14:49:30,021] Run on FIREFOX
[2023-06-16 14:50:29,525] Run on FIREFOX
[2023-06-16 14:55:33,903] Run on FIREFOX
[2023-06-16 14:55:37,811] Register - Step 01: Click to register link
[2023-06-16 14:55:38,854] Register - Step 02: Input data Automation to firstname textbox
[2023-06-16 14:55:38,909] Register - Step 03: Input data FC to lastName textbox
[2023-06-16 14:55:38,950] Register - Step 04: Input data automation8980@mail.com to emailAddress textbox
[2023-06-16 14:55:38,995] Register - Step 05: Input data 123456 to password textbox
[2023-06-16 14:55:39,040] Register - Step 06: Input data 123456 to confirm password textbox
[2023-06-16 14:55:39,077] Register - Step 07: Click to Register Button
[2023-06-16 14:55:39,812] Register - Step 08: Verify result register successfully
[2023-06-16 14:55:39,855]  -------------------------- FAILED -------------------------- 
[2023-06-16 14:55:39,857] Login - Step 01: Click to Login Link
[2023-06-16 14:55:40,237] Login - Step 02: Input to required fields
[2023-06-16 14:55:40,341] Login - Step 03: Click to Login Button
[2023-06-16 14:55:40,986] Login - Step 04: Verify success message displayed
[2023-06-16 14:55:41,043]  -------------------------- PASSED -------------------------- 
[2023-06-16 14:55:41,044] Customer-Info - Step 01: Click to My Account Link
[2023-06-16 14:55:41,411] Customer-Info - Step 02: Click to Customer Info Link
[2023-06-16 14:55:41,798] Customer-Info - Step 03: Input data to required fields
[2023-06-16 14:55:42,978] Customer-Info - Step 04: Click to Save Button
[2023-06-16 14:55:43,638] Customer-Info - Step 05: Verify result
[2023-06-16 14:55:43,663]  -------------------------- PASSED -------------------------- 
[2023-06-16 14:55:43,678]  -------------------------- PASSED -------------------------- 
[2023-06-16 14:55:43,689]  -------------------------- PASSED -------------------------- 
[2023-06-16 14:55:43,715]  -------------------------- PASSED -------------------------- 
[2023-06-16 14:55:43,740]  -------------------------- PASSED -------------------------- 
[2023-06-16 14:55:43,897]  -------------------------- PASSED -------------------------- 
[2023-06-16 14:55:43,907]  -------------------------- PASSED -------------------------- 
[2023-06-16 14:55:43,917]  -------------------------- PASSED -------------------------- 
[2023-06-16 14:55:43,917] Customer-Info - Step 06: Close popup
[2023-06-16 16:24:06,656] Run on FIREFOX
[2023-06-16 16:24:11,095] Register - Step 01: Click to register link
[2023-06-16 16:24:12,133] Register - Step 02: Input data Automation to firstname textbox
[2023-06-16 16:24:12,186] Register - Step 03: Input data FC to lastName textbox
[2023-06-16 16:24:12,231] Register - Step 04: Input data automation2756@mail.com to emailAddress textbox
[2023-06-16 16:24:12,275] Register - Step 05: Input data 123456 to password textbox
[2023-06-16 16:24:12,313] Register - Step 06: Input data 123456 to confirm password textbox
[2023-06-16 16:24:12,356] Register - Step 07: Click to Register Button
[2023-06-16 16:24:13,186] Register - Step 08: Verify result register successfully
[2023-06-16 16:24:13,234]  -------------------------- FAILED -------------------------- 
[2023-06-16 16:24:13,317] Login - Step 01: Click to Login Link
[2023-06-16 16:24:13,698] Login - Step 02: Input to required fields
[2023-06-16 16:24:13,793] Login - Step 03: Click to Login Button
[2023-06-16 16:24:14,443] Login - Step 04: Verify success message displayed
[2023-06-16 16:24:14,493]  -------------------------- PASSED -------------------------- 
[2023-06-16 16:24:14,493] Customer-Info - Step 01: Click to My Account Link
[2023-06-16 16:24:14,853] Customer-Info - Step 02: Click to Customer Info Link
[2023-06-16 16:24:15,221] Customer-Info - Step 03: Input data to required fields
[2023-06-16 16:24:16,403] Customer-Info - Step 04: Click to Save Button
[2023-06-16 16:24:17,087] Customer-Info - Step 05: Verify result
[2023-06-16 16:24:17,114]  -------------------------- PASSED -------------------------- 
[2023-06-16 16:24:17,129]  -------------------------- PASSED -------------------------- 
[2023-06-16 16:24:17,139]  -------------------------- PASSED -------------------------- 
[2023-06-16 16:24:17,167]  -------------------------- PASSED -------------------------- 
[2023-06-16 16:24:17,193]  -------------------------- PASSED -------------------------- 
[2023-06-16 16:24:17,352]  -------------------------- PASSED -------------------------- 
[2023-06-16 16:24:17,361]  -------------------------- PASSED -------------------------- 
[2023-06-16 16:24:17,370]  -------------------------- PASSED -------------------------- 
[2023-06-16 16:24:17,370] Customer-Info - Step 06: Close popup
[2023-06-16 16:29:51,500] Run on FIREFOX
[2023-06-16 16:29:55,584] Register - Step 01: Click to register link
[2023-06-16 16:29:56,638] Register - Step 02: Input data Automation to firstname textbox
[2023-06-16 16:29:56,690] Register - Step 03: Input data FC to lastName textbox
[2023-06-16 16:29:56,731] Register - Step 04: Input data automation4979@mail.com to emailAddress textbox
[2023-06-16 16:29:56,775] Register - Step 05: Input data 123456 to password textbox
[2023-06-16 16:29:56,818] Register - Step 06: Input data 123456 to confirm password textbox
[2023-06-16 16:29:56,860] Register - Step 07: Click to Register Button
[2023-06-16 16:29:57,554] Register - Step 08: Verify result register successfully
[2023-06-16 16:29:57,643] Login - Step 01: Click to Login Link
[2023-06-16 16:29:58,025] Login - Step 02: Input to required fields
[2023-06-16 16:29:58,134] Login - Step 03: Click to Login Button
[2023-06-16 16:29:58,797] Login - Step 04: Verify success message displayed
[2023-06-16 16:29:58,852]  -------------------------- PASSED -------------------------- 
[2023-06-16 16:29:58,852] Customer-Info - Step 01: Click to My Account Link
[2023-06-16 16:29:59,219] Customer-Info - Step 02: Click to Customer Info Link
[2023-06-16 16:29:59,600] Customer-Info - Step 03: Input data to required fields
[2023-06-16 16:30:00,787] Customer-Info - Step 04: Click to Save Button
[2023-06-16 16:30:01,452] Customer-Info - Step 05: Verify result
[2023-06-16 16:30:01,741] Customer-Info - Step 06: Close popup
[2023-06-16 16:40:28,114] Run on FIREFOX
[2023-06-16 16:40:32,059] Register - Step 01: Click to register link
[2023-06-16 16:40:33,132] Register - Step 02: Input data Automation to firstname textbox
[2023-06-16 16:40:33,190] Register - Step 03: Input data FC to lastName textbox
[2023-06-16 16:40:33,231] Register - Step 04: Input data automation1895@mail.com to emailAddress textbox
[2023-06-16 16:40:33,279] Register - Step 05: Input data 123456 to password textbox
[2023-06-16 16:40:33,317] Register - Step 06: Input data 123456 to confirm password textbox
[2023-06-16 16:40:33,356] Register - Step 07: Click to Register Button
[2023-06-16 16:40:34,219] Register - Step 08: Verify result register successfully
[2023-06-16 16:40:34,308] Login - Step 01: Click to Login Link
[2023-06-16 16:40:34,689] Login - Step 02: Input to required fields
[2023-06-16 16:40:34,792] Login - Step 03: Click to Login Button
[2023-06-16 16:40:35,466] Login - Step 04: Verify success message displayed
[2023-06-16 16:40:35,513]  -------------------------- PASSED -------------------------- 
[2023-06-16 16:40:35,514] Customer-Info - Step 01: Click to My Account Link
[2023-06-16 16:40:35,891] Customer-Info - Step 02: Click to Customer Info Link
[2023-06-16 16:40:36,278] Customer-Info - Step 03: Input data to required fields
[2023-06-16 16:40:37,468] Customer-Info - Step 04: Click to Save Button
[2023-06-16 16:40:38,176] Customer-Info - Step 05: Verify result
[2023-06-16 16:40:38,458] Customer-Info - Step 06: Close popup
[2023-06-17 15:00:32,063] Run on FIREFOX
[2023-06-17 15:00:48,081] Run on FIREFOX
[2023-06-17 15:00:51,908] Register - Step 01: Click to register link
[2023-06-17 15:00:52,973] Register - Step 02: Input data Automation to firstname textbox
[2023-06-17 15:00:53,029] Register - Step 03: Input data FC to lastName textbox
[2023-06-17 15:00:53,073] Register - Step 04: Input data automation6713@mail.com to emailAddress textbox
[2023-06-17 15:00:53,117] Register - Step 05: Input data 123456 to password textbox
[2023-06-17 15:00:53,160] Register - Step 06: Input data 123456 to confirm password textbox
[2023-06-17 15:00:53,197] Register - Step 07: Click to Register Button
[2023-06-17 15:00:53,893] Register - Step 08: Verify result register successfully
[2023-06-17 15:00:53,943] Login - Step 01: Click to Login Link
[2023-06-17 15:00:54,297] Login - Step 02: Input to required fields
[2023-06-17 15:00:54,402] Login - Step 03: Click to Login Button
[2023-06-17 15:00:55,056] Login - Step 04: Verify success message displayed
[2023-06-17 15:00:55,112]  -------------------------- PASSED -------------------------- 
[2023-06-17 15:00:55,112] Customer-Info - Step 01: Click to My Account Link
[2023-06-17 15:00:55,465] Customer-Info - Step 02: Click to Customer Info Link
[2023-06-17 15:00:55,826] Customer-Info - Step 03: Input data to required fields
[2023-06-17 15:00:57,093] Customer-Info - Step 04: Click to Save Button
[2023-06-17 15:00:57,719] Customer-Info - Step 05: Verify result
[2023-06-17 15:00:58,000] Customer-Info - Step 06: Close popup
[2023-06-17 15:15:58,153] Run on FIREFOX
[2023-06-17 15:16:10,258] Run on FIREFOX
[2023-06-17 15:16:16,833]  -------------------------- PASSED -------------------------- 
[2023-06-18 15:18:26,515] Run on FIREFOX
[2023-06-18 15:18:40,348] Run on FIREFOX
[2023-06-18 15:18:46,867]  -------------------------- PASSED -------------------------- 
[2023-06-19 16:28:52,816] Run on FIREFOX
[2023-06-19 16:29:02,968]  -------------------------- PASSED -------------------------- 
[2023-06-20 15:25:50,059] Run on FIREFOX
[2023-06-20 15:26:00,416]  -------------------------- PASSED -------------------------- 
[2023-06-20 15:40:25,863] Run on FIREFOX
[2023-06-20 15:42:22,685] Run on CHROME
[2023-06-20 15:42:30,858]  -------------------------- PASSED -------------------------- 
[2023-06-20 15:42:59,486] Run on FIREFOX
[2023-06-20 15:43:06,876]  -------------------------- PASSED -------------------------- 
[2023-06-20 15:45:20,316] Run on FIREFOX
[2023-06-20 15:45:27,677]  -------------------------- PASSED -------------------------- 
[2023-06-20 15:47:47,158] Run on FIREFOX
[2023-06-20 15:47:54,443]  -------------------------- PASSED -------------------------- 
[2023-06-20 15:56:14,404] Run on FIREFOX
[2023-06-20 15:56:21,964]  -------------------------- PASSED -------------------------- 
[2023-06-20 15:58:36,918] Run on FIREFOX
[2023-06-20 15:58:44,298]  -------------------------- PASSED -------------------------- 
[2023-06-20 16:01:52,076] Run on FIREFOX
[2023-06-20 16:02:06,413] Run on FIREFOX
[2023-06-20 16:02:14,568]  -------------------------- PASSED -------------------------- 
[2023-06-20 16:04:01,367] Run on FIREFOX
[2023-06-20 16:04:09,218]  -------------------------- PASSED -------------------------- 
[2023-06-20 16:27:56,426] Run on FIREFOX
[2023-06-20 16:28:05,032]  -------------------------- PASSED -------------------------- 
